<?xml version="1.0" encoding="UTF-8"?>
<!-- Generated by org.testng.reporters.JUnitReportReporter -->
<testsuite hostname="DESKTOP-O2B332N" failures="0" tests="1" name="cucumberOptions.TestNGTestRunner" time="18.073" errors="0" timestamp="2024-11-08T23:36:32 IST" skipped="0">
  <testcase classname="cucumberOptions.TestNGTestRunner" name="runScenario" time="18.073"/>
</testsuite> <!-- cucumberOptions.TestNGTestRunner -->
